mode: set
github.com/conneroisu/seltabl/internal/errors/selection.go:30.87,32.70 2 1
github.com/conneroisu/seltabl/internal/errors/selection.go:32.70,34.3 1 0
github.com/conneroisu/seltabl/internal/errors/selection.go:35.2,40.38 6 1
github.com/conneroisu/seltabl/internal/errors/selection.go:40.38,44.17 4 1
github.com/conneroisu/seltabl/internal/errors/selection.go:44.17,46.4 1 0
github.com/conneroisu/seltabl/internal/errors/selection.go:47.3,48.17 2 1
github.com/conneroisu/seltabl/internal/errors/selection.go:48.17,50.4 1 0
github.com/conneroisu/seltabl/internal/errors/selection.go:52.2,53.16 2 1
github.com/conneroisu/seltabl/internal/errors/selection.go:53.16,55.3 1 0
github.com/conneroisu/seltabl/internal/errors/selection.go:56.2,56.29 1 1
github.com/conneroisu/seltabl/internal/errors/selection.go:66.20,74.32 7 1
github.com/conneroisu/seltabl/internal/errors/selection.go:74.32,77.49 3 1
github.com/conneroisu/seltabl/internal/errors/selection.go:77.49,79.18 2 1
github.com/conneroisu/seltabl/internal/errors/selection.go:79.18,81.5 1 0
github.com/conneroisu/seltabl/internal/errors/selection.go:82.9,84.18 2 1
github.com/conneroisu/seltabl/internal/errors/selection.go:84.18,86.5 1 0
github.com/conneroisu/seltabl/internal/errors/selection.go:89.2,90.16 2 1
github.com/conneroisu/seltabl/internal/errors/selection.go:90.16,92.3 1 0
github.com/conneroisu/seltabl/internal/errors/selection.go:93.2,94.18 2 1
github.com/conneroisu/seltabl/internal/errors/selection.go:98.47,100.16 2 0
github.com/conneroisu/seltabl/internal/errors/selection.go:100.16,102.3 1 0
github.com/conneroisu/seltabl/internal/errors/selection.go:103.2,108.3 1 0
github.com/conneroisu/seltabl/internal/errors/selector.go:26.86,28.70 2 0
github.com/conneroisu/seltabl/internal/errors/selector.go:28.70,30.3 1 0
github.com/conneroisu/seltabl/internal/errors/selector.go:31.2,36.38 6 0
github.com/conneroisu/seltabl/internal/errors/selector.go:36.38,40.17 4 0
github.com/conneroisu/seltabl/internal/errors/selector.go:40.17,42.4 1 0
github.com/conneroisu/seltabl/internal/errors/selector.go:43.3,43.87 1 0
github.com/conneroisu/seltabl/internal/errors/selector.go:45.2,46.16 2 0
github.com/conneroisu/seltabl/internal/errors/selector.go:46.16,48.3 1 0
github.com/conneroisu/seltabl/internal/errors/selector.go:49.2,50.29 2 0
github.com/conneroisu/seltabl/internal/errors/selector.go:57.95,65.32 7 0
github.com/conneroisu/seltabl/internal/errors/selector.go:65.32,68.49 3 0
github.com/conneroisu/seltabl/internal/errors/selector.go:68.49,70.18 2 0
github.com/conneroisu/seltabl/internal/errors/selector.go:70.18,72.5 1 0
github.com/conneroisu/seltabl/internal/errors/selector.go:73.9,75.18 2 0
github.com/conneroisu/seltabl/internal/errors/selector.go:75.18,77.5 1 0
github.com/conneroisu/seltabl/internal/errors/selector.go:80.2,81.16 2 0
github.com/conneroisu/seltabl/internal/errors/selector.go:81.16,83.3 1 0
github.com/conneroisu/seltabl/internal/errors/selector.go:84.2,85.18 2 0
github.com/conneroisu/seltabl/internal/errors/selector.go:89.46,91.16 2 0
github.com/conneroisu/seltabl/internal/errors/selector.go:91.16,93.3 1 0
github.com/conneroisu/seltabl/internal/errors/selector.go:94.2,99.3 1 0
github.com/conneroisu/seltabl/parse.go:81.58,83.16 2 1
github.com/conneroisu/seltabl/parse.go:83.16,85.3 1 0
github.com/conneroisu/seltabl/parse.go:86.2,87.36 2 1
github.com/conneroisu/seltabl/parse.go:87.36,89.3 1 0
github.com/conneroisu/seltabl/parse.go:90.2,91.40 2 1
github.com/conneroisu/seltabl/parse.go:91.40,94.21 3 1
github.com/conneroisu/seltabl/parse.go:94.21,95.12 1 0
github.com/conneroisu/seltabl/parse.go:97.3,98.25 2 1
github.com/conneroisu/seltabl/parse.go:98.25,104.4 1 0
github.com/conneroisu/seltabl/parse.go:105.3,106.30 2 1
github.com/conneroisu/seltabl/parse.go:106.30,112.4 1 1
github.com/conneroisu/seltabl/parse.go:113.3,114.25 2 1
github.com/conneroisu/seltabl/parse.go:114.25,120.4 1 0
github.com/conneroisu/seltabl/parse.go:121.3,124.29 2 1
github.com/conneroisu/seltabl/parse.go:124.29,130.4 1 0
github.com/conneroisu/seltabl/parse.go:131.3,132.25 2 1
github.com/conneroisu/seltabl/parse.go:132.25,134.4 1 1
github.com/conneroisu/seltabl/parse.go:135.3,135.24 1 1
github.com/conneroisu/seltabl/parse.go:135.24,137.4 1 1
github.com/conneroisu/seltabl/parse.go:138.3,138.42 1 1
github.com/conneroisu/seltabl/parse.go:138.42,144.18 1 1
github.com/conneroisu/seltabl/parse.go:144.18,150.5 1 0
github.com/conneroisu/seltabl/parse.go:153.2,153.23 1 1
github.com/conneroisu/seltabl/parse.go:153.23,155.3 1 0
github.com/conneroisu/seltabl/parse.go:156.2,156.21 1 1
github.com/conneroisu/seltabl/parse.go:160.49,163.16 3 0
github.com/conneroisu/seltabl/parse.go:163.16,165.3 1 0
github.com/conneroisu/seltabl/parse.go:166.2,168.16 3 0
github.com/conneroisu/seltabl/parse.go:168.16,170.3 1 0
github.com/conneroisu/seltabl/parse.go:171.2,171.39 1 0
github.com/conneroisu/seltabl/reflect.go:20.9,23.22 3 1
github.com/conneroisu/seltabl/reflect.go:23.22,25.3 1 1
github.com/conneroisu/seltabl/reflect.go:26.2,26.21 1 1
github.com/conneroisu/seltabl/reflect.go:26.21,28.3 1 0
github.com/conneroisu/seltabl/reflect.go:29.2,32.18 4 1
github.com/conneroisu/seltabl/reflect.go:33.25,35.30 2 1
github.com/conneroisu/seltabl/reflect.go:35.30,37.4 1 0
github.com/conneroisu/seltabl/reflect.go:38.20,40.14 2 0
github.com/conneroisu/seltabl/reflect.go:40.14,42.4 1 0
github.com/conneroisu/seltabl/reflect.go:43.10,44.19 1 0
github.com/conneroisu/seltabl/reflect.go:46.2,46.19 1 1
github.com/conneroisu/seltabl/reflect.go:47.22,48.28 1 1
github.com/conneroisu/seltabl/reflect.go:49.19,51.17 2 1
github.com/conneroisu/seltabl/reflect.go:51.17,53.4 1 1
github.com/conneroisu/seltabl/reflect.go:54.3,54.26 1 1
github.com/conneroisu/seltabl/reflect.go:55.20,57.17 2 0
github.com/conneroisu/seltabl/reflect.go:57.17,59.4 1 0
github.com/conneroisu/seltabl/reflect.go:60.3,60.26 1 0
github.com/conneroisu/seltabl/reflect.go:61.21,63.17 2 0
github.com/conneroisu/seltabl/reflect.go:63.17,65.4 1 0
github.com/conneroisu/seltabl/reflect.go:66.3,66.26 1 0
github.com/conneroisu/seltabl/reflect.go:67.21,69.17 2 0
github.com/conneroisu/seltabl/reflect.go:69.17,71.4 1 0
github.com/conneroisu/seltabl/reflect.go:72.3,72.26 1 0
github.com/conneroisu/seltabl/reflect.go:73.21,75.17 2 0
github.com/conneroisu/seltabl/reflect.go:75.17,77.4 1 0
github.com/conneroisu/seltabl/reflect.go:78.3,78.19 1 0
github.com/conneroisu/seltabl/reflect.go:79.20,81.17 2 0
github.com/conneroisu/seltabl/reflect.go:81.17,83.4 1 0
github.com/conneroisu/seltabl/reflect.go:84.3,84.20 1 0
github.com/conneroisu/seltabl/reflect.go:85.21,87.17 2 0
github.com/conneroisu/seltabl/reflect.go:87.17,89.4 1 0
github.com/conneroisu/seltabl/reflect.go:90.3,90.20 1 0
github.com/conneroisu/seltabl/reflect.go:91.22,93.17 2 0
github.com/conneroisu/seltabl/reflect.go:93.17,95.4 1 0
github.com/conneroisu/seltabl/reflect.go:96.3,96.20 1 0
github.com/conneroisu/seltabl/reflect.go:97.22,99.17 2 0
github.com/conneroisu/seltabl/reflect.go:99.17,101.4 1 0
github.com/conneroisu/seltabl/reflect.go:102.3,102.20 1 0
github.com/conneroisu/seltabl/reflect.go:103.22,105.17 2 0
github.com/conneroisu/seltabl/reflect.go:105.17,107.4 1 0
github.com/conneroisu/seltabl/reflect.go:108.3,108.20 1 0
github.com/conneroisu/seltabl/reflect.go:109.23,111.17 2 0
github.com/conneroisu/seltabl/reflect.go:111.17,113.4 1 0
github.com/conneroisu/seltabl/reflect.go:114.3,114.21 1 0
github.com/conneroisu/seltabl/reflect.go:115.23,117.17 2 1
github.com/conneroisu/seltabl/reflect.go:117.17,119.4 1 0
github.com/conneroisu/seltabl/reflect.go:120.3,120.21 1 1
github.com/conneroisu/seltabl/reflect.go:121.10,122.55 1 0
github.com/conneroisu/seltabl/reflect.go:124.2,124.12 1 1
